
CommandNotFoundError: Your shell has not been properly configured to use 'conda activate'.
To initialize your shell, run

    $ conda init <SHELL_NAME>

Currently supported shells are:
  - bash
  - fish
  - tcsh
  - xonsh
  - zsh
  - powershell

See 'conda init --help' for more information and options.

IMPORTANT: You may need to close and restart your shell after running 'conda init'.


Lmod has detected the following error: The following module(s) are unknown:
"pytorch"

Please check the spelling or version number. Also try "module spider ..."
It is also possible your cache file is out-of-date; it may help to try:
  $ module --ignore-cache load "pytorch"

Also make sure that all modulefiles written in TCL start with the string
#%Module



/var/share/slurm/d/job02674/slurm_script: line 20: singularity: command not found
