--------------------------------------------------------------------------
WARNING: No preset parameters were found for the device that Open MPI
detected:

  Local host:            cn01
  Device name:           mlx5_0
  Device vendor ID:      0x02c9
  Device vendor part ID: 4125

Default device parameters will be used, which may result in lower
performance.  You can edit any of the files specified by the
btl_openib_device_param_files MCA parameter to set values for your
device.

NOTE: You can turn off this warning by setting the MCA parameter
      btl_openib_warn_no_device_params_found to 0.
--------------------------------------------------------------------------
--------------------------------------------------------------------------
No OpenFabrics connection schemes reported that they were able to be
used on a specific port.  As such, the openib BTL (OpenFabrics
support) will be disabled for this port.

  Local host:           cn01
  Local device:         mlx5_0
  Local port:           1
  CPCs attempted:       rdmacm, udcm
--------------------------------------------------------------------------
[cn01:29214] *** Process received signal ***
[cn01:29214] Signal: Segmentation fault (11)
[cn01:29214] Signal code: Address not mapped (1)
[cn01:29214] Failing at address: 0x4d00000044
--------------------------------------------------------------------------
Primary job  terminated normally, but 1 process returned
a non-zero exit code. Per user-direction, the job has been aborted.
--------------------------------------------------------------------------
--------------------------------------------------------------------------
mpirun detected that one or more processes exited with non-zero status, thus causing
the job to be terminated. The first process to do so was:

  Process name: [[62977,1],1]
  Exit code:    1
--------------------------------------------------------------------------
[cn01:29203] 3 more processes have sent help message help-mpi-btl-openib.txt / no device params found
[cn01:29203] Set MCA parameter "orte_base_help_aggregate" to 0 to see all help / error messages
[cn01:29203] 3 more processes have sent help message help-mpi-btl-openib-cpc-base.txt / no cpcs for port
