--------------------------------------------------------------------------
WARNING: No preset parameters were found for the device that Open MPI
detected:

  Local host:            cn01
  Device name:           mlx5_0
  Device vendor ID:      0x02c9
  Device vendor part ID: 4125

Default device parameters will be used, which may result in lower
performance.  You can edit any of the files specified by the
btl_openib_device_param_files MCA parameter to set values for your
device.

NOTE: You can turn off this warning by setting the MCA parameter
      btl_openib_warn_no_device_params_found to 0.
--------------------------------------------------------------------------
--------------------------------------------------------------------------
No OpenFabrics connection schemes reported that they were able to be
used on a specific port.  As such, the openib BTL (OpenFabrics
support) will be disabled for this port.

  Local host:           cn01
  Local device:         mlx5_0
  Local port:           1
  CPCs attempted:       rdmacm, udcm
--------------------------------------------------------------------------
[cn01:32344] *** Process received signal ***
[cn01:32344] Signal: Segmentation fault (11)
[cn01:32344] Signal code: Address not mapped (1)
[cn01:32344] Failing at address: 0x420
[cn01:32344] [ 0] /lib64/libpthread.so.0(+0xf630)[0x7f02c23f8630]
[cn01:32344] [ 1] /lib64/libc.so.6(+0x15594b)[0x7f02c217094b]
[cn01:32344] [ 2] /opt/ohpc/pub/mpi/openmpi3-gnu8/3.1.4/lib/libopen-pal.so.40(+0x472cc)[0x7f02c1ab02cc]
[cn01:32344] [ 3] /opt/ohpc/pub/mpi/openmpi3-gnu8/3.1.4/lib/libmpi.so.40(ompi_datatype_sndrcv+0x4ea)[0x7f02c26644ba]
[cn01:32344] [ 4] /opt/ohpc/pub/mpi/openmpi3-gnu8/3.1.4/lib/libmpi.so.40(PMPI_Scatter+0x1fd)[0x7f02c268a62d]
[cn01:32344] [ 5] ./objects/mergesort_parallel.o[0x400bef]
[cn01:32344] [ 6] /lib64/libc.so.6(__libc_start_main+0xf5)[0x7f02c203d555]
[cn01:32344] [ 7] ./objects/mergesort_parallel.o[0x400989]
[cn01:32344] *** End of error message ***
--------------------------------------------------------------------------
Primary job  terminated normally, but 1 process returned
a non-zero exit code. Per user-direction, the job has been aborted.
--------------------------------------------------------------------------
--------------------------------------------------------------------------
mpirun noticed that process rank 0 with PID 0 on node cn01 exited on signal 11 (Segmentation fault).
--------------------------------------------------------------------------
