Files already downloaded and verified
Files already downloaded and verified
Sequential(
  (0): Conv2d(3, 32, kernel_size=(3, 3), stride=(1, 1), padding=(1, 1))
  (1): ReLU()
  (2): Dropout(p=0.3, inplace=False)
  (3): Conv2d(32, 32, kernel_size=(3, 3), stride=(1, 1), padding=(1, 1))
  (4): ReLU()
  (5): MaxPool2d(kernel_size=(2, 2), stride=(2, 2), padding=0, dilation=1, ceil_mode=False)
  (6): Flatten(start_dim=1, end_dim=-1)
  (7): Linear(in_features=8192, out_features=512, bias=True)
  (8): ReLU()
  (9): Dropout(p=0.5, inplace=False)
  (10): Linear(in_features=512, out_features=10, bias=True)
)
Epoch 0: model accuracy 38.52%
Epoch 1: model accuracy 46.54%
Epoch 2: model accuracy 49.85%
Epoch 3: model accuracy 52.74%
Epoch 4: model accuracy 53.89%
Epoch 5: model accuracy 57.35%
Epoch 6: model accuracy 58.04%
Epoch 7: model accuracy 58.93%
Epoch 8: model accuracy 61.06%
Epoch 9: model accuracy 62.32%
Epoch 10: model accuracy 63.96%
Epoch 11: model accuracy 64.56%
Epoch 12: model accuracy 65.34%
Epoch 13: model accuracy 67.07%
Epoch 14: model accuracy 67.33%
Epoch 15: model accuracy 67.83%
Epoch 16: model accuracy 68.37%
Epoch 17: model accuracy 68.47%
Epoch 18: model accuracy 69.28%
Epoch 19: model accuracy 69.49%
